<?xml version="1.0" encoding="UTF-8"?>
<!-- Generated by org.testng.reporters.JUnitReportReporter -->
<testsuite skipped="0" hostname="DESKTOP-ETUKTDK" name="hobbyKing.testCase.TC001_Login" tests="1" failures="0" timestamp="19 Aug 2019 06:47:49 GMT" time="19.676" errors="0">
  <testcase name="login" time="19.676" classname="hobbyKing.testCase.TC001_Login"/>
</testsuite> <!-- hobbyKing.testCase.TC001_Login -->
