<?xml version="1.0" encoding="UTF-8"?>
<!-- Generated by org.testng.reporters.JUnitReportReporter -->
<testsuite skipped="0" hostname="DESKTOP-ETUKTDK" name="hobbyKing.testCase.TC003_WorldpayOrder" tests="2" failures="0" timestamp="11 Sep 2019 03:52:44 GMT" time="158.317" errors="0">
  <testcase name="verifyOrderNumberInGmail" time="53.041" classname="hobbyKing.testCase.TC003_WorldpayOrder"/>
  <testcase name="worldpaylOrder" time="105.276" classname="hobbyKing.testCase.TC003_WorldpayOrder"/>
</testsuite> <!-- hobbyKing.testCase.TC003_WorldpayOrder -->
