<?xml version="1.0" encoding="UTF-8"?>
<!-- Generated by org.testng.reporters.JUnitReportReporter -->
<testsuite skipped="0" hostname="DESKTOP-ETUKTDK" name="hobbyKing.testCase.TC003_WorldpayOrder" tests="1" failures="0" timestamp="20 Aug 2019 05:03:56 GMT" time="128.228" errors="0">
  <testcase name="worldpaylOrder" time="128.228" classname="hobbyKing.testCase.TC003_WorldpayOrder"/>
</testsuite> <!-- hobbyKing.testCase.TC003_WorldpayOrder -->
