<?xml version="1.0" encoding="UTF-8"?>
<!-- Generated by org.testng.reporters.JUnitReportReporter -->
<testsuite skipped="0" hostname="DESKTOP-ETUKTDK" name="hobbyKing.testCase.TC001_Login" tests="2" failures="0" timestamp="29 Aug 2019 09:37:02 GMT" time="20.200" errors="0">
  <testcase name="login" time="2.476" classname="hobbyKing.testCase.TC001_Login"/>
  <testcase name="verifyOrderNumberInGmail" time="17.724" classname="hobbyKing.testCase.TC001_Login"/>
</testsuite> <!-- hobbyKing.testCase.TC001_Login -->
