<?xml version="1.0" encoding="UTF-8"?>
<!-- Generated by org.testng.reporters.JUnitReportReporter -->
<testsuite skipped="0" hostname="DESKTOP-ETUKTDK" name="hobbyKing.testCase.TC002_PaypalOrder" tests="2" failures="0" timestamp="19 Sep 2019 04:09:00 GMT" time="226.876" errors="0">
  <testcase name="verifyOrderNumberInGmail" time="91.574" classname="hobbyKing.testCase.TC002_PaypalOrder"/>
  <testcase name="paypalOrder" time="135.302" classname="hobbyKing.testCase.TC002_PaypalOrder"/>
</testsuite> <!-- hobbyKing.testCase.TC002_PaypalOrder -->
