<?xml version="1.0" encoding="UTF-8"?>
<!-- Generated by org.testng.reporters.JUnitReportReporter -->
<testsuite skipped="0" hostname="DESKTOP-ETUKTDK" name="hobbyKing.testCase.TC002_PaypalOrder" tests="2" failures="0" timestamp="21 Aug 2019 10:19:37 GMT" time="279.519" errors="0">
  <testcase name="paypalOrder" time="167.311" classname="hobbyKing.testCase.TC002_PaypalOrder"/>
  <testcase name="worldpaylOrder" time="112.208" classname="hobbyKing.testCase.TC002_PaypalOrder"/>
</testsuite> <!-- hobbyKing.testCase.TC002_PaypalOrder -->
