<?xml version="1.0" encoding="UTF-8"?>
<!-- Generated by org.testng.reporters.JUnitReportReporter -->
<testsuite skipped="1" hostname="DESKTOP-ETUKTDK" name="hobbyKing.testCase.TC002_PaypalOrder" tests="1" failures="0" timestamp="13 Sep 2019 04:27:39 GMT" time="0.000" errors="0">
  <testcase name="paypalOrder" time="0.000" classname="hobbyKing.testCase.TC002_PaypalOrder">
    <skipped/>
  </testcase> <!-- paypalOrder -->
</testsuite> <!-- hobbyKing.testCase.TC002_PaypalOrder -->
